X [ERROR] Expected "}" but found "-"

    src/pages/LandingPage.jsx:91:61:
      91 │ ...              <div style={{ position: 'relative', z-index: '1' }}>
         │                                                       ^
         ╵                                                       }

1 error
node:child_process:899
    throw err;
    ^

Error: Command failed: C:\Users\hp\CRM\node_modules\@esbuild\win32-x64\esbuild.exe src/main.jsx --bundle --outfile=out.js
    at checkExecSyncError (node:child_process:861:11)
    at Object.execFileSync (node:child_process:896:15)
    at Object.<anonymous> (C:\Users\hp\CRM\node_modules\esbuild\bin\esbuild:220:28)
    at Module._compile (node:internal/modules/cjs/loader:1198:14)
    at Object.Module._extensions..js (node:internal/modules/cjs/loader:1252:10)
    at Module.load (node:internal/modules/cjs/loader:1076:32)
    at Function.Module._load (node:internal/modules/cjs/loader:911:12)
    at Function.executeUserEntryPoint [as runMain] (node:internal/modules/run_main:81:12)
    at node:internal/main/run_main_module:22:47 {
  status: 1,
  signal: null,
  output: [ null, null, null ],
  pid: 22808,
  stdout: null,
  stderr: null
}
